<?xml version="1.0" encoding="UTF-8"?>
<testng-results skipped="0" failed="0" ignored="0" total="1" passed="1">
  <reporter-output>
  </reporter-output>
  <suite name="Default suite" duration-ms="6122" started-at="2020-11-25T19:36:30 IST" finished-at="2020-11-25T19:36:36 IST">
    <groups>
    </groups>
    <test name="Default test" duration-ms="6122" started-at="2020-11-25T19:36:30 IST" finished-at="2020-11-25T19:36:36 IST">
      <class name="SalesForceExtension">
        <test-method status="PASS" signature="jdbcmethod()[pri:0, instance:SalesForceExtension@6737fd8f]" name="jdbcmethod" duration-ms="5922" started-at="2020-11-25T19:36:30 IST" finished-at="2020-11-25T19:36:36 IST">
          <reporter-output>
          </reporter-output>
        </test-method> <!-- jdbcmethod -->
        <test-method status="PASS" signature="tearDown()[pri:0, instance:SalesForceExtension@6737fd8f]" name="tearDown" is-config="true" duration-ms="129" started-at="2020-11-25T19:36:36 IST" finished-at="2020-11-25T19:36:36 IST">
          <reporter-output>
          </reporter-output>
        </test-method> <!-- tearDown -->
      </class> <!-- SalesForceExtension -->
    </test> <!-- Default test -->
  </suite> <!-- Default suite -->
</testng-results>
